<?xml version="1.0" encoding="UTF-8"?>
<coverage generated="1738665191">
  <project timestamp="1738665191">
    <file name="/Users/a1111/Desktop/php-project-48/src/Differ.php">
      <line num="10" type="stmt" count="1"/>
      <line num="11" type="stmt" count="1"/>
      <line num="12" type="stmt" count="1"/>
      <line num="13" type="stmt" count="1"/>
      <line num="15" type="stmt" count="1"/>
      <line num="20" type="stmt" count="0"/>
      <line num="21" type="stmt" count="0"/>
      <line num="22" type="stmt" count="0"/>
      <line num="25" type="stmt" count="0"/>
      <line num="26" type="stmt" count="0"/>
      <line num="31" type="stmt" count="1"/>
      <line num="32" type="stmt" count="1"/>
      <line num="33" type="stmt" count="1"/>
      <line num="36" type="stmt" count="1"/>
      <line num="39" type="stmt" count="1"/>
      <line num="40" type="stmt" count="1"/>
      <line num="41" type="stmt" count="1"/>
      <line num="44" type="stmt" count="1"/>
      <line num="45" type="stmt" count="1"/>
      <line num="47" type="stmt" count="1"/>
      <line num="48" type="stmt" count="1"/>
      <line num="49" type="stmt" count="1"/>
      <line num="50" type="stmt" count="1"/>
      <line num="51" type="stmt" count="1"/>
      <line num="52" type="stmt" count="1"/>
      <line num="54" type="stmt" count="1"/>
      <line num="55" type="stmt" count="1"/>
      <line num="56" type="stmt" count="1"/>
      <line num="57" type="stmt" count="1"/>
      <line num="59" type="stmt" count="1"/>
      <line num="61" type="stmt" count="1"/>
      <line num="63" type="stmt" count="1"/>
      <line num="64" type="stmt" count="1"/>
      <line num="65" type="stmt" count="1"/>
      <line num="68" type="stmt" count="1"/>
      <line num="73" type="stmt" count="1"/>
      <line num="74" type="stmt" count="1"/>
      <line num="76" type="stmt" count="1"/>
      <line num="77" type="stmt" count="1"/>
      <line num="79" type="stmt" count="1"/>
      <metrics loc="81" ncloc="64" classes="0" methods="0" coveredmethods="0" conditionals="0" coveredconditionals="0" statements="40" coveredstatements="35" elements="40" coveredelements="35"/>
    </file>
    <file name="/Users/a1111/Desktop/php-project-48/src/Parsers.php">
      <line num="9" type="stmt" count="1"/>
      <line num="10" type="stmt" count="1"/>
      <line num="11" type="stmt" count="0"/>
      <line num="13" type="stmt" count="1"/>
      <line num="14" type="stmt" count="1"/>
      <line num="15" type="stmt" count="1"/>
      <line num="16" type="stmt" count="1"/>
      <line num="17" type="stmt" count="1"/>
      <line num="18" type="stmt" count="1"/>
      <line num="19" type="stmt" count="1"/>
      <metrics loc="20" ncloc="18" classes="0" methods="0" coveredmethods="0" conditionals="0" coveredconditionals="0" statements="10" coveredstatements="9" elements="10" coveredelements="9"/>
    </file>
    <metrics files="2" loc="101" ncloc="82" classes="0" methods="0" coveredmethods="0" conditionals="0" coveredconditionals="0" statements="50" coveredstatements="44" elements="50" coveredelements="44"/>
  </project>
</coverage>
